<?xml version="1.0" encoding="UTF-8"?>
<!-- Generated by org.testng.reporters.JUnitReportReporter -->
<testsuite hostname="Danilos-MacBook-Air.local" failures="0" tests="1" name="com.automation.Day20_25th_May_2024_DropDown.Dropdown" time="22.959" errors="0" timestamp="25 May 2024 15:17:53 GMT" skipped="0">
  <testcase classname="com.automation.Day20_25th_May_2024_DropDown.Dropdown" name="uploadFile" time="22.959"/>
</testsuite> <!-- com.automation.Day20_25th_May_2024_DropDown.Dropdown -->
