<?xml version="1.0" encoding="UTF-8"?>
<!-- Generated by org.testng.reporters.JUnitReportReporter -->
<testsuite hostname="Danilos-MacBook-Air.local" failures="0" tests="1" name="com.automation.Day7_6th_Apr_2024_Basics_Of_TestNG.Topic2_Annotations_TestNG" time="0.002" errors="0" timestamp="08 Apr 2024 17:33:48 GMT" skipped="0">
  <testcase classname="com.automation.Day7_6th_Apr_2024_Basics_Of_TestNG.Topic2_Annotations_TestNG" name="testCase" time="0.002"/>
</testsuite> <!-- com.automation.Day7_6th_Apr_2024_Basics_Of_TestNG.Topic2_Annotations_TestNG -->
