<?xml version="1.0" encoding="UTF-8"?>
<!-- Generated by org.testng.reporters.JUnitReportReporter -->
<testsuite hostname="Danilos-MacBook-Air.local" failures="0" tests="2" name="com.automation.Day7_6th_Apr_2024_Basics_Of_TestNG.Topic13_SimpleExampleOfAssert" time="10.155" errors="0" timestamp="12 Apr 2024 16:15:49 GMT" skipped="0">
  <testcase classname="com.automation.Day7_6th_Apr_2024_Basics_Of_TestNG.Topic13_SimpleExampleOfAssert" name="goingToLoginPage" time="4.620"/>
  <testcase classname="com.automation.Day7_6th_Apr_2024_Basics_Of_TestNG.Topic13_SimpleExampleOfAssert" name="loginWithValidCredentials" time="5.535"/>
</testsuite> <!-- com.automation.Day7_6th_Apr_2024_Basics_Of_TestNG.Topic13_SimpleExampleOfAssert -->
