<?xml version="1.0" encoding="UTF-8"?>
<!-- Generated by org.testng.reporters.JUnitReportReporter -->
<testsuite hostname="Danilos-MacBook-Air.local" failures="0" tests="1" name="com.automation.Day19_18th_May_2024_Extra_Topics.Topic3_ToolTip" time="8.601" errors="0" timestamp="23 May 2024 15:41:38 GMT" skipped="0">
  <testcase classname="com.automation.Day19_18th_May_2024_Extra_Topics.Topic3_ToolTip" name="extractingToolTip" time="8.601"/>
</testsuite> <!-- com.automation.Day19_18th_May_2024_Extra_Topics.Topic3_ToolTip -->
