<?xml version="1.0" encoding="UTF-8"?>
<!-- Generated by org.testng.reporters.JUnitReportReporter -->
<testsuite hostname="Danilos-Air" failures="0" tests="1" name="com.automation.Day19_18th_May_2024_Mouse_Keyboard_Actions.MouseActions" time="8.946" errors="0" timestamp="26 May 2024 16:44:20 GMT" skipped="0">
  <testcase classname="com.automation.Day19_18th_May_2024_Mouse_Keyboard_Actions.MouseActions" name="mouseOperations" time="8.946"/>
</testsuite> <!-- com.automation.Day19_18th_May_2024_Mouse_Keyboard_Actions.MouseActions -->
