<?xml version="1.0" encoding="UTF-8"?>
<!-- Generated by org.testng.reporters.JUnitReportReporter -->
<testsuite hostname="Danilos-MacBook-Air.local" failures="0" tests="5" name="com.automation.Day7_6th_Apr_2024_Basics_Of_TestNG.Topic5_Prioritizing_TestCases" time="24.082" errors="0" timestamp="08 Apr 2024 21:17:57 GMT" skipped="0">
  <testcase classname="com.automation.Day7_6th_Apr_2024_Basics_Of_TestNG.Topic5_Prioritizing_TestCases" name="loginWithValidCredentials" time="4.771"/>
  <testcase classname="com.automation.Day7_6th_Apr_2024_Basics_Of_TestNG.Topic5_Prioritizing_TestCases" name="loginWithValidEmailInvalidPassword" time="4.602"/>
  <testcase classname="com.automation.Day7_6th_Apr_2024_Basics_Of_TestNG.Topic5_Prioritizing_TestCases" name="loginWithInvalidEmailValidPassword" time="4.708"/>
  <testcase classname="com.automation.Day7_6th_Apr_2024_Basics_Of_TestNG.Topic5_Prioritizing_TestCases" name="loginWithInvalidCredentials" time="5.181"/>
  <testcase classname="com.automation.Day7_6th_Apr_2024_Basics_Of_TestNG.Topic5_Prioritizing_TestCases" name="loginWithBlankCredentials" time="4.820"/>
</testsuite> <!-- com.automation.Day7_6th_Apr_2024_Basics_Of_TestNG.Topic5_Prioritizing_TestCases -->
