<?xml version="1.0" encoding="UTF-8"?>
<!-- Generated by org.testng.reporters.JUnitReportReporter -->
<testsuite hostname="Danilos-MacBook-Air.local" failures="0" tests="1" name="com.automation.Day8_7th_April_2024_Xpaths.Topic2_Advanced_Xpaths" time="5.374" errors="0" timestamp="13 Apr 2024 20:16:01 GMT" skipped="0">
  <testcase classname="com.automation.Day8_7th_April_2024_Xpaths.Topic2_Advanced_Xpaths" name="loginTutorialsNinja" time="5.374"/>
</testsuite> <!-- com.automation.Day8_7th_April_2024_Xpaths.Topic2_Advanced_Xpaths -->
