<?xml version="1.0" encoding="UTF-8"?>
<!-- Generated by org.testng.reporters.JUnitReportReporter -->
<testsuite hostname="Danilos-MacBook-Air.local" failures="0" tests="1" name="com.automation.Day13_27th_Apr_2024_Waits_In_Selenium.Topic2_Class_Assignement" time="5.008" errors="0" timestamp="27 Apr 2024 16:54:52 GMT" skipped="0">
  <testcase classname="com.automation.Day13_27th_Apr_2024_Waits_In_Selenium.Topic2_Class_Assignement" name="registrationTNG" time="5.008"/>
</testsuite> <!-- com.automation.Day13_27th_Apr_2024_Waits_In_Selenium.Topic2_Class_Assignement -->
