<?xml version="1.0" encoding="UTF-8"?>
<!-- Generated by org.testng.reporters.JUnitReportReporter -->
<testsuite hostname="Danilos-MacBook-Air.local" failures="0" tests="1" name="com.automation.Day20_25th_May_2024_UploadFile.UploadFile" time="6.517" errors="0" timestamp="25 May 2024 14:54:23 GMT" skipped="0">
  <testcase classname="com.automation.Day20_25th_May_2024_UploadFile.UploadFile" name="uploadFile" time="6.517"/>
</testsuite> <!-- com.automation.Day20_25th_May_2024_UploadFile.UploadFile -->
