<?xml version="1.0" encoding="UTF-8"?>
<!-- Generated by org.testng.reporters.JUnitReportReporter -->
<testsuite hostname="Danilos-MacBook-Air.local" failures="0" tests="14" name="com.automation.Day7_6th_Apr_2024_Basics_Of_TestNG.Topic9_Executing_Multiple_Times" time="0.010" errors="0" timestamp="11 Apr 2024 20:10:23 GMT" skipped="0">
  <testcase classname="com.automation.Day7_6th_Apr_2024_Basics_Of_TestNG.Topic9_Executing_Multiple_Times" name="tc1" time="0.003"/>
  <testcase classname="com.automation.Day7_6th_Apr_2024_Basics_Of_TestNG.Topic9_Executing_Multiple_Times" name="tc2" time="0.001"/>
  <testcase classname="com.automation.Day7_6th_Apr_2024_Basics_Of_TestNG.Topic9_Executing_Multiple_Times" name="tc3" time="0.001"/>
  <testcase classname="com.automation.Day7_6th_Apr_2024_Basics_Of_TestNG.Topic9_Executing_Multiple_Times" name="tc4" time="0.001"/>
  <testcase classname="com.automation.Day7_6th_Apr_2024_Basics_Of_TestNG.Topic9_Executing_Multiple_Times" name="tc4" time="0.001"/>
  <testcase classname="com.automation.Day7_6th_Apr_2024_Basics_Of_TestNG.Topic9_Executing_Multiple_Times" name="tc4" time="0.000"/>
  <testcase classname="com.automation.Day7_6th_Apr_2024_Basics_Of_TestNG.Topic9_Executing_Multiple_Times" name="tc4" time="0.000"/>
  <testcase classname="com.automation.Day7_6th_Apr_2024_Basics_Of_TestNG.Topic9_Executing_Multiple_Times" name="tc4" time="0.000"/>
  <testcase classname="com.automation.Day7_6th_Apr_2024_Basics_Of_TestNG.Topic9_Executing_Multiple_Times" name="tc4" time="0.001"/>
  <testcase classname="com.automation.Day7_6th_Apr_2024_Basics_Of_TestNG.Topic9_Executing_Multiple_Times" name="tc4" time="0.000"/>
  <testcase classname="com.automation.Day7_6th_Apr_2024_Basics_Of_TestNG.Topic9_Executing_Multiple_Times" name="tc4" time="0.000"/>
  <testcase classname="com.automation.Day7_6th_Apr_2024_Basics_Of_TestNG.Topic9_Executing_Multiple_Times" name="tc4" time="0.000"/>
  <testcase classname="com.automation.Day7_6th_Apr_2024_Basics_Of_TestNG.Topic9_Executing_Multiple_Times" name="tc4" time="0.001"/>
  <testcase classname="com.automation.Day7_6th_Apr_2024_Basics_Of_TestNG.Topic9_Executing_Multiple_Times" name="tc5" time="0.001"/>
</testsuite> <!-- com.automation.Day7_6th_Apr_2024_Basics_Of_TestNG.Topic9_Executing_Multiple_Times -->
