<?xml version="1.0" encoding="UTF-8"?>
<!-- Generated by org.testng.reporters.JUnitReportReporter -->
<testsuite hostname="Danilos-MacBook-Air.local" failures="0" tests="1" name="com.automation.Day12_21st_Apr_2024_ChromeOptions.Topic1_ChromeOptions" time="13.932" errors="0" timestamp="23 Apr 2024 17:17:53 GMT" skipped="0">
  <testcase classname="com.automation.Day12_21st_Apr_2024_ChromeOptions.Topic1_ChromeOptions" name="register" time="13.932"/>
</testsuite> <!-- com.automation.Day12_21st_Apr_2024_ChromeOptions.Topic1_ChromeOptions -->
