<?xml version="1.0" encoding="UTF-8"?>
<!-- Generated by org.testng.reporters.JUnitReportReporter -->
<testsuite hostname="Danilos-MacBook-Air.local" failures="0" tests="1" name="com.automation.Day12_21st_Apr_2024_Data_Time_Stamp.Topic1_Date" time="5.538" errors="0" timestamp="23 Apr 2024 16:38:18 GMT" skipped="0">
  <testcase classname="com.automation.Day12_21st_Apr_2024_Data_Time_Stamp.Topic1_Date" name="register" time="5.538"/>
</testsuite> <!-- com.automation.Day12_21st_Apr_2024_Data_Time_Stamp.Topic1_Date -->
