<?xml version="1.0" encoding="UTF-8"?>
<!-- Generated by org.testng.reporters.JUnitReportReporter -->
<testsuite hostname="Danilos-MacBook-Air.local" failures="0" tests="1" name="com.automation.Day19_18th_May_2024_Mouse_Keyboard_Actions.KeyboardActions" time="10.822" errors="0" timestamp="24 May 2024 17:14:33 GMT" skipped="0">
  <testcase classname="com.automation.Day19_18th_May_2024_Mouse_Keyboard_Actions.KeyboardActions" name="loginTNKeyboard" time="10.822"/>
</testsuite> <!-- com.automation.Day19_18th_May_2024_Mouse_Keyboard_Actions.KeyboardActions -->
