<?xml version="1.0" encoding="UTF-8"?>
<!-- Generated by org.testng.reporters.JUnitReportReporter -->
<testsuite hostname="Danilos-MacBook-Air.local" failures="0" tests="1" name="com.automation.Day19_18th_May_2024_Extra_Topics.Topic4_Zoomin_Zoomout" time="31.025" errors="0" timestamp="24 May 2024 14:58:12 GMT" skipped="0">
  <testcase classname="com.automation.Day19_18th_May_2024_Extra_Topics.Topic4_Zoomin_Zoomout" name="zoominZoomout" time="31.025"/>
</testsuite> <!-- com.automation.Day19_18th_May_2024_Extra_Topics.Topic4_Zoomin_Zoomout -->
