<?xml version="1.0" encoding="UTF-8"?>
<!-- Generated by org.testng.reporters.JUnitReportReporter -->
<testsuite hostname="Danilos-MacBook-Air.local" failures="0" tests="1" name="com.automation.Day12_21st_Apr_2024_Alerts_PopUps.Topic1_How_To_Handle_Alerts_PopUps" time="4.292" errors="0" timestamp="23 Apr 2024 16:04:32 GMT" skipped="0">
  <testcase classname="com.automation.Day12_21st_Apr_2024_Alerts_PopUps.Topic1_How_To_Handle_Alerts_PopUps" name="loginRediffAlert" time="4.292"/>
</testsuite> <!-- com.automation.Day12_21st_Apr_2024_Alerts_PopUps.Topic1_How_To_Handle_Alerts_PopUps -->
