<?xml version="1.0" encoding="UTF-8"?>
<!-- Generated by org.testng.reporters.JUnitReportReporter -->
<testsuite hostname="Danilos-MacBook-Air.local" failures="0" tests="5" name="com.automation.Day7_6th_Apr_2024_Basics_Of_TestNG.Topic6_Enable_Disable_TestCases" time="20.548" errors="0" timestamp="08 Apr 2024 21:47:56 GMT" skipped="1">
  <testcase classname="com.automation.Day7_6th_Apr_2024_Basics_Of_TestNG.Topic6_Enable_Disable_TestCases" name="loginWithValidCredentials" time="5.023"/>
  <testcase classname="com.automation.Day7_6th_Apr_2024_Basics_Of_TestNG.Topic6_Enable_Disable_TestCases" name="loginWithValidEmailInvalidPassword" time="5.712"/>
  <testcase classname="com.automation.Day7_6th_Apr_2024_Basics_Of_TestNG.Topic6_Enable_Disable_TestCases" name="loginWithInvalidEmailValidPassword" time="4.753"/>
  <testcase classname="com.automation.Day7_6th_Apr_2024_Basics_Of_TestNG.Topic6_Enable_Disable_TestCases" name="loginWithBlankCredentials" time="5.060"/>
  <testcase classname="com.automation.Day7_6th_Apr_2024_Basics_Of_TestNG.Topic6_Enable_Disable_TestCases" name="loginWithInvalidCredentials">
    <skipped/>
  </testcase> <!-- loginWithInvalidCredentials -->
</testsuite> <!-- com.automation.Day7_6th_Apr_2024_Basics_Of_TestNG.Topic6_Enable_Disable_TestCases -->
