<?xml version="1.0" encoding="UTF-8"?>
<!-- Generated by org.testng.reporters.JUnitReportReporter -->
<testsuite hostname="Danilos-MacBook-Air.local" failures="0" tests="10" name="com.automation.Day7_6th_Apr_2024_Basics_Of_TestNG.Topic7_Dependencies_Between_TestCases" time="0.005" errors="0" timestamp="11 Apr 2024 19:10:19 GMT" skipped="0">
  <testcase classname="com.automation.Day7_6th_Apr_2024_Basics_Of_TestNG.Topic7_Dependencies_Between_TestCases" name="tc1" time="0.003"/>
  <testcase classname="com.automation.Day7_6th_Apr_2024_Basics_Of_TestNG.Topic7_Dependencies_Between_TestCases" name="tc2" time="0.001"/>
  <testcase classname="com.automation.Day7_6th_Apr_2024_Basics_Of_TestNG.Topic7_Dependencies_Between_TestCases" name="tc3" time="0.000"/>
  <testcase classname="com.automation.Day7_6th_Apr_2024_Basics_Of_TestNG.Topic7_Dependencies_Between_TestCases" name="tc4" time="0.001"/>
  <testcase classname="com.automation.Day7_6th_Apr_2024_Basics_Of_TestNG.Topic7_Dependencies_Between_TestCases" name="tc5" time="0.000"/>
  <testcase classname="com.automation.Day7_6th_Apr_2024_Basics_Of_TestNG.Topic7_Dependencies_Between_TestCases" name="tc6" time="0.000"/>
  <testcase classname="com.automation.Day7_6th_Apr_2024_Basics_Of_TestNG.Topic7_Dependencies_Between_TestCases" name="tc7" time="0.000"/>
  <testcase classname="com.automation.Day7_6th_Apr_2024_Basics_Of_TestNG.Topic7_Dependencies_Between_TestCases" name="tc8" time="0.000"/>
  <testcase classname="com.automation.Day7_6th_Apr_2024_Basics_Of_TestNG.Topic7_Dependencies_Between_TestCases" name="tc9" time="0.000"/>
  <testcase classname="com.automation.Day7_6th_Apr_2024_Basics_Of_TestNG.Topic7_Dependencies_Between_TestCases" name="tc10" time="0.000"/>
</testsuite> <!-- com.automation.Day7_6th_Apr_2024_Basics_Of_TestNG.Topic7_Dependencies_Between_TestCases -->
