<?xml version="1.0" encoding="UTF-8"?>
<!-- Generated by org.testng.reporters.JUnitReportReporter -->
<testsuite hostname="Danilos-MacBook-Air.local" failures="0" tests="2" name="com.automation.Day10_14th_Apr_2024_cssSelector.Topic1_Syntax_cssSelectors" time="12.270" errors="0" timestamp="16 Apr 2024 15:37:39 GMT" skipped="0">
  <testcase classname="com.automation.Day10_14th_Apr_2024_cssSelector.Topic1_Syntax_cssSelectors" name="registerUsingCss" time="6.482"/>
  <testcase classname="com.automation.Day10_14th_Apr_2024_cssSelector.Topic1_Syntax_cssSelectors" name="loginUsingCSS" time="5.788"/>
</testsuite> <!-- com.automation.Day10_14th_Apr_2024_cssSelector.Topic1_Syntax_cssSelectors -->
