<?xml version="1.0" encoding="UTF-8"?>
<!-- Generated by org.testng.reporters.JUnitReportReporter -->
<testsuite hostname="Danilos-MacBook-Air.local" failures="0" tests="1" name="com.automation.Day21_26th_May_2024_WebTable.Topic2_Class_Assignement" time="10.240" errors="0" timestamp="26 May 2024 15:25:12 GMT" skipped="0">
  <testcase classname="com.automation.Day21_26th_May_2024_WebTable.Topic2_Class_Assignement" name="webTableExercise" time="10.240"/>
</testsuite> <!-- com.automation.Day21_26th_May_2024_WebTable.Topic2_Class_Assignement -->
