<?xml version="1.0" encoding="UTF-8"?>
<!-- Generated by org.testng.reporters.JUnitReportReporter -->
<testsuite hostname="Danilos-MacBook-Air.local" failures="0" tests="1" name="com.automation.Day12_21st_Apr_2024_Data_Driven_Test.Topic3_RegisterTN_Properties_File" time="5.942" errors="0" timestamp="22 Apr 2024 18:55:40 GMT" skipped="0">
  <testcase classname="com.automation.Day12_21st_Apr_2024_Data_Driven_Test.Topic3_RegisterTN_Properties_File" name="registerTN" time="5.942"/>
</testsuite> <!-- com.automation.Day12_21st_Apr_2024_Data_Driven_Test.Topic3_RegisterTN_Properties_File -->
