<?xml version="1.0" encoding="UTF-8"?>
<!-- Generated by org.testng.reporters.JUnitReportReporter -->
<testsuite hostname="Danilos-MacBook-Air.local" failures="0" tests="5" name="com.automation.Day7_6th_Apr_2024_Basics_Of_TestNG.Topic5_Enabling_Disabling_TestCases" time="25.418" errors="0" timestamp="08 Apr 2024 21:15:39 GMT" skipped="0">
  <testcase classname="com.automation.Day7_6th_Apr_2024_Basics_Of_TestNG.Topic5_Enabling_Disabling_TestCases" name="loginWithValidCredentials" time="4.759"/>
  <testcase classname="com.automation.Day7_6th_Apr_2024_Basics_Of_TestNG.Topic5_Enabling_Disabling_TestCases" name="loginWithBlankCredentials" time="5.449"/>
  <testcase classname="com.automation.Day7_6th_Apr_2024_Basics_Of_TestNG.Topic5_Enabling_Disabling_TestCases" name="loginWithInvalidCredentials" time="4.930"/>
  <testcase classname="com.automation.Day7_6th_Apr_2024_Basics_Of_TestNG.Topic5_Enabling_Disabling_TestCases" name="loginWithInvalidEmailValidPassword" time="5.276"/>
  <testcase classname="com.automation.Day7_6th_Apr_2024_Basics_Of_TestNG.Topic5_Enabling_Disabling_TestCases" name="loginWithValidEmailInvalidPassword" time="5.004"/>
</testsuite> <!-- com.automation.Day7_6th_Apr_2024_Basics_Of_TestNG.Topic5_Enabling_Disabling_TestCases -->
