<?xml version="1.0" encoding="UTF-8"?>
<!-- Generated by org.testng.reporters.JUnitReportReporter -->
<testsuite hostname="Danilos-MacBook-Air.local" failures="0" tests="1" name="com.automation.Day11_20th_Apr_2024_SoftAssert_in_TestNG.Topic3_Facebook_Dropdown" time="11.108" errors="0" timestamp="20 Apr 2024 18:53:14 GMT" skipped="0">
  <testcase classname="com.automation.Day11_20th_Apr_2024_SoftAssert_in_TestNG.Topic3_Facebook_Dropdown" name="dropDownFacebook" time="11.108"/>
</testsuite> <!-- com.automation.Day11_20th_Apr_2024_SoftAssert_in_TestNG.Topic3_Facebook_Dropdown -->
