<?xml version="1.0" encoding="UTF-8"?>
<!-- Generated by org.testng.reporters.JUnitReportReporter -->
<testsuite hostname="Danilos-MacBook-Air.local" failures="0" tests="1" name="com.automation.Day8_7th_April_2024_Xpaths.Topic1_Introduction" time="20.016" errors="0" timestamp="13 Apr 2024 16:38:35 GMT" skipped="0">
  <testcase classname="com.automation.Day8_7th_April_2024_Xpaths.Topic1_Introduction" name="registerTutorialsNinja" time="20.016"/>
</testsuite> <!-- com.automation.Day8_7th_April_2024_Xpaths.Topic1_Introduction -->
