<?xml version="1.0" encoding="UTF-8"?>
<!-- Generated by org.testng.reporters.JUnitReportReporter -->
<testsuite hostname="Danilos-MacBook-Air.local" failures="0" tests="3" name="com.automation.Day7_6th_Apr_2024_Basics_Of_TestNG.Topic3_TriCombo" time="0.002" errors="0" timestamp="08 Apr 2024 18:03:40 GMT" skipped="0">
  <testcase classname="com.automation.Day7_6th_Apr_2024_Basics_Of_TestNG.Topic3_TriCombo" name="testCase3" time="0.001"/>
  <testcase classname="com.automation.Day7_6th_Apr_2024_Basics_Of_TestNG.Topic3_TriCombo" name="testCase2" time="0.000"/>
  <testcase classname="com.automation.Day7_6th_Apr_2024_Basics_Of_TestNG.Topic3_TriCombo" name="testCase1" time="0.001"/>
</testsuite> <!-- com.automation.Day7_6th_Apr_2024_Basics_Of_TestNG.Topic3_TriCombo -->
