<?xml version="1.0" encoding="UTF-8"?>
<!-- Generated by org.testng.reporters.JUnitReportReporter -->
<testsuite hostname="Danilos-MacBook-Air.local" failures="0" tests="2" name="com.automation.Day12_21st_Apr_2024_Data_Driven_Test.Class_Assignement" time="11.690" errors="0" timestamp="22 Apr 2024 19:21:05 GMT" skipped="0">
  <testcase classname="com.automation.Day12_21st_Apr_2024_Data_Driven_Test.Class_Assignement" name="loginTN" time="6.018"/>
  <testcase classname="com.automation.Day12_21st_Apr_2024_Data_Driven_Test.Class_Assignement" name="registerTN" time="5.672"/>
</testsuite> <!-- com.automation.Day12_21st_Apr_2024_Data_Driven_Test.Class_Assignement -->
