<?xml version="1.0" encoding="UTF-8"?>
<!-- Generated by org.testng.reporters.JUnitReportReporter -->
<testsuite hostname="Danilos-MacBook-Air.local" failures="0" tests="1" name="com.automation.Day19_18th_May_2024_Extra_Topics.Topic2_Handling_Frames" time="42.179" errors="0" timestamp="23 May 2024 15:28:30 GMT" skipped="0">
  <testcase classname="com.automation.Day19_18th_May_2024_Extra_Topics.Topic2_Handling_Frames" name="openBrowser" time="42.179"/>
</testsuite> <!-- com.automation.Day19_18th_May_2024_Extra_Topics.Topic2_Handling_Frames -->
