<?xml version="1.0" encoding="UTF-8"?>
<!-- Generated by org.testng.reporters.JUnitReportReporter -->
<testsuite hostname="Danilos-MacBook-Air.local" failures="0" tests="3" name="com.automation.Day14_28th_Apr_2024_Data_Provider.Topic1_Rules_Of_DataProvider" time="0.005" errors="0" timestamp="28 Apr 2024 15:22:51 GMT" skipped="0">
  <testcase classname="com.automation.Day14_28th_Apr_2024_Data_Provider.Topic1_Rules_Of_DataProvider" name="checking" time="0.001"/>
  <testcase classname="com.automation.Day14_28th_Apr_2024_Data_Provider.Topic1_Rules_Of_DataProvider" name="checking" time="0.003"/>
  <testcase classname="com.automation.Day14_28th_Apr_2024_Data_Provider.Topic1_Rules_Of_DataProvider" name="checking" time="0.001"/>
</testsuite> <!-- com.automation.Day14_28th_Apr_2024_Data_Provider.Topic1_Rules_Of_DataProvider -->
