<?xml version="1.0" encoding="UTF-8"?>
<!-- Generated by org.testng.reporters.JUnitReportReporter -->
<testsuite hostname="Danilos-MacBook-Air.local" failures="0" tests="1" name="com.automation.Day19_18th_May_2024_Extra_Topics.Topic5_Screenshot_Homework" time="6.067" errors="0" timestamp="24 May 2024 15:37:53 GMT" skipped="0">
  <testcase classname="com.automation.Day19_18th_May_2024_Extra_Topics.Topic5_Screenshot_Homework" name="screenshotHomework" time="6.067"/>
</testsuite> <!-- com.automation.Day19_18th_May_2024_Extra_Topics.Topic5_Screenshot_Homework -->
