<?xml version="1.0" encoding="UTF-8"?>
<!-- Generated by org.testng.reporters.JUnitReportReporter -->
<testsuite hostname="Danilos-MacBook-Air.local" failures="0" tests="2" name="com.automation.Day7_6th_Apr_2024_Basics_Of_TestNG.Topic4_Application_TriCombo_Automation" time="11.069" errors="0" timestamp="08 Apr 2024 20:30:17 GMT" skipped="0">
  <testcase classname="com.automation.Day7_6th_Apr_2024_Basics_Of_TestNG.Topic4_Application_TriCombo_Automation" name="clickOnRegisterOption" time="5.530"/>
  <testcase classname="com.automation.Day7_6th_Apr_2024_Basics_Of_TestNG.Topic4_Application_TriCombo_Automation" name="clickOnLoginOption" time="5.539"/>
</testsuite> <!-- com.automation.Day7_6th_Apr_2024_Basics_Of_TestNG.Topic4_Application_TriCombo_Automation -->
